[08Jan2025 00:01:12.715] [Server thread/WARN] [net.minecraft.server.MinecraftServer/]: Can't keep up! Is the server overloaded? Running 3603ms or 72 ticks behind
[08Jan2025 00:02:18.489] [Server thread/INFO] [net.minecraft.world.entity.npc.Villager/]: Villager VillagerEntityMCA['Elina'/59510, l='ServerLevel[world]', x=-1759.71, y=80.00, z=-791.71] died, message: 'Elina was slain by Tenso_2002'
[08Jan2025 00:04:44.108] [Server thread/INFO] [com.github.sculkhorde.core.SculkHorde/]: Saving 0 events.
[08Jan2025 00:04:44.108] [Server thread/INFO] [com.github.sculkhorde.core.SculkHorde/]: Saved 0 events. Took 0 Milliseconds.
[08Jan2025 00:05:17.586] [Worker-Main-4/WARN] [net.minecraft.server.level.WorldGenRegion/]: Tried to access a block entity before it was created. BlockPos{x=-1962, y=-9, z=-1086}
[08Jan2025 00:06:09.549] [Server thread/INFO] [net.minecraft.server.MinecraftServer/]: Tenso_2002 has made the advancement [Friendship Found]
[08Jan2025 00:09:44.098] [Server thread/INFO] [com.github.sculkhorde.core.SculkHorde/]: Saving 0 events.
[08Jan2025 00:09:44.098] [Server thread/INFO] [com.github.sculkhorde.core.SculkHorde/]: Saved 0 events. Took 0 Milliseconds.
[08Jan2025 00:11:46.552] [Server thread/INFO] [net.minecraft.server.MinecraftServer/]: Tenso_2002 has made the advancement ['Til Death Do Us Part]
[08Jan2025 00:14:44.103] [Server thread/INFO] [com.github.sculkhorde.core.SculkHorde/]: Saving 0 events.
[08Jan2025 00:14:44.103] [Server thread/INFO] [com.github.sculkhorde.core.SculkHorde/]: Saved 0 events. Took 0 Milliseconds.
[08Jan2025 00:19:44.106] [Server thread/INFO] [com.github.sculkhorde.core.SculkHorde/]: Saving 0 events.
[08Jan2025 00:19:44.107] [Server thread/INFO] [com.github.sculkhorde.core.SculkHorde/]: Saved 0 events. Took 0 Milliseconds.
[08Jan2025 00:20:12.298] [Server thread/INFO] [net.minecraft.server.MinecraftServer/]: <Tenso_2002> ,(>¦\ª°[;80"º`¦±}·¿¿
[08Jan2025 00:20:31.389] [Server thread/INFO] [net.minecraft.world.entity.npc.Villager/]: Villager VillagerEntityMCA['Natavan'/60772, l='ServerLevel[world]', x=-1800.86, y=76.57, z=-868.87] died, message: 'Natavan was slain by Tenso_2002'
[08Jan2025 00:21:29.596] [ForkJoinPool-3-worker-7/INFO] [me.edoren.skin_changer.server.ServerMessageHandler/]: Requested skin for player MHF_Spider[5ad55f34-41b6-4bd2-9c32-18983c635936]
[08Jan2025 00:21:29.871] [ForkJoinPool-3-worker-7/INFO] [me.edoren.skin_changer.common.NetworkUtils/]: File https://playerdb.co/api/player/minecraft/MHF_Spider downloaded
[08Jan2025 00:21:30.101] [ForkJoinPool-3-worker-7/INFO] [me.edoren.skin_changer.common.NetworkUtils/]: File https://crafatar.com/skins/5ad55f34-41b6-4bd2-9c32-18983c635936 downloaded
[08Jan2025 00:21:30.101] [ForkJoinPool-3-worker-7/INFO] [me.edoren.skin_changer.server.SkinProviderController/]: Loaded skin for player MHF_Spider[5ad55f34-41b6-4bd2-9c32-18983c635936]
[08Jan2025 00:21:31.233] [Server thread/INFO] [net.minecraft.server.MinecraftServer/]: Tenso_2002 has completed the challenge [Hunted]
[08Jan2025 00:23:01.556] [Worker-Main-4/WARN] [com.finndog.mvs.MVSCommon/]: Moog's Voyager Structures: Empty or nonexistent pool: mvs:mine_with_campsite/side_pool which is being called from mvs:other_decoration/mine_with_campsite
[08Jan2025 00:23:06.625] [Worker-Main-3/WARN] [net.minecraft.server.level.WorldGenRegion/]: Tried to access a block entity before it was created. BlockPos{x=-1939, y=-12, z=-1150}
[08Jan2025 00:23:09.441] [Worker-Main-4/WARN] [net.minecraft.server.level.WorldGenRegion/]: Tried to access a block entity before it was created. BlockPos{x=-1939, y=-12, z=-1154}
[08Jan2025 00:23:09.691] [Worker-Main-2/WARN] [net.minecraft.server.level.WorldGenRegion/]: Tried to access a block entity before it was created. BlockPos{x=-1925, y=-8, z=-1155}
[08Jan2025 00:23:32.259] [Server thread/WARN] [net.minecraft.server.level.ServerPlayerGameMode/]: Mismatch in destroy block pos: BlockPos{x=-1952, y=75, z=-870} BlockPos{x=-1951, y=74, z=-870}
[08Jan2025 00:23:32.460] [Server thread/WARN] [net.minecraft.server.level.ServerPlayerGameMode/]: Mismatch in destroy block pos: BlockPos{x=-1953, y=75, z=-870} BlockPos{x=-1952, y=74, z=-870}
[08Jan2025 00:24:44.096] [Server thread/INFO] [com.github.sculkhorde.core.SculkHorde/]: Saving 0 events.
[08Jan2025 00:24:44.096] [Server thread/INFO] [com.github.sculkhorde.core.SculkHorde/]: Saved 0 events. Took 0 Milliseconds.
[08Jan2025 00:25:20.933] [Server thread/INFO] [net.minecraft.world.entity.LivingEntity/]: Named entity Skeleton['Dinnerbone'/66619, l='ServerLevel[world]', x=-1931.08, y=70.01, z=-882.42] died: Dinnerbone was shot by Dinnerbone
[08Jan2025 00:26:22.686] [Server thread/INFO] [net.minecraft.world.entity.LivingEntity/]: Named entity Skeleton['Dinnerbone'/66618, l='ServerLevel[world]', x=-1930.30, y=70.01, z=-881.30] died: Dinnerbone was shot by Dinnerbone
[08Jan2025 00:29:44.093] [Server thread/INFO] [com.github.sculkhorde.core.SculkHorde/]: Saving 0 events.
[08Jan2025 00:29:44.094] [Server thread/INFO] [com.github.sculkhorde.core.SculkHorde/]: Saved 0 events. Took 0 Milliseconds.
[08Jan2025 00:29:53.904] [Server thread/WARN] [net.minecraft.server.level.ServerPlayerGameMode/]: Mismatch in destroy block pos: BlockPos{x=-1937, y=76, z=-879} BlockPos{x=-1937, y=76, z=-880}
[08Jan2025 00:31:11.640] [Server thread/INFO] [net.minecraft.world.entity.LivingEntity/]: Named entity Skeleton['Dinnerbone'/68145, l='ServerLevel[world]', x=-1948.24, y=86.01, z=-905.23] died: Dinnerbone was shot by Dinnerbone
[08Jan2025 00:31:16.135] [Server thread/INFO] [net.minecraft.world.entity.LivingEntity/]: Named entity Skeleton['Dinnerbone'/68147, l='ServerLevel[world]', x=-1946.41, y=86.01, z=-908.47] died: Dinnerbone was shot by Dinnerbone
[08Jan2025 00:31:19.147] [Server thread/INFO] [net.minecraft.world.entity.LivingEntity/]: Named entity Skeleton['Dinnerbone'/66443, l='ServerLevel[world]', x=-1950.04, y=86.01, z=-903.41] died: Dinnerbone was shot by Dinnerbone
[08Jan2025 00:31:20.246] [Server thread/INFO] [net.minecraft.world.entity.LivingEntity/]: Named entity Skeleton['Dinnerbone'/68146, l='ServerLevel[world]', x=-1945.51, y=86.01, z=-905.88] died: Dinnerbone was shot by Dinnerbone
[08Jan2025 00:31:24.584] [Server thread/INFO] [Scaling Health/]: Blight Cave Spider has died
[08Jan2025 00:31:27.039] [Server thread/INFO] [net.minecraft.world.entity.LivingEntity/]: Named entity Skeleton['Dinnerbone'/66731, l='ServerLevel[world]', x=-1947.83, y=86.01, z=-892.25] died: Dinnerbone was shot by Dinnerbone
[08Jan2025 00:31:46.082] [Server thread/INFO] [net.minecraft.world.entity.LivingEntity/]: Named entity Skeleton['Dinnerbone'/67366, l='ServerLevel[world]', x=-1923.42, y=94.01, z=-889.17] died: Dinnerbone was shot by Dinnerbone
[08Jan2025 00:34:44.101] [Server thread/INFO] [com.github.sculkhorde.core.SculkHorde/]: Saving 0 events.
[08Jan2025 00:34:44.101] [Server thread/INFO] [com.github.sculkhorde.core.SculkHorde/]: Saved 0 events. Took 0 Milliseconds.
[08Jan2025 00:34:47.083] [Server thread/INFO] [net.minecraft.world.entity.LivingEntity/]: Named entity Skeleton['Dinnerbone'/67641, l='ServerLevel[world]', x=-1919.01, y=94.01, z=-881.84] died: Dinnerbone was shot by Dinnerbone
[08Jan2025 00:34:56.337] [Server thread/INFO] [net.minecraft.world.entity.LivingEntity/]: Named entity Skeleton['Dinnerbone'/68340, l='ServerLevel[world]', x=-1918.90, y=94.01, z=-883.13] died: Dinnerbone was shot by Dinnerbone
[08Jan2025 00:35:24.535] [Server thread/INFO] [net.minecraft.world.entity.LivingEntity/]: Named entity Skeleton['Dinnerbone'/67677, l='ServerLevel[world]', x=-1934.17, y=94.01, z=-895.77] died: Dinnerbone was shot by Dinnerbone
[08Jan2025 00:37:03.851] [Server thread/INFO] [net.minecraft.world.entity.LivingEntity/]: Named entity Skeleton['Dinnerbone'/69161, l='ServerLevel[world]', x=-1934.21, y=110.01, z=-884.40] died: Dinnerbone was shot by Dinnerbone
[08Jan2025 00:37:21.858] [Server thread/INFO] [net.minecraft.world.entity.LivingEntity/]: Named entity Skeleton['Dinnerbone'/68765, l='ServerLevel[world]', x=-1936.64, y=110.01, z=-879.44] died: Dinnerbone was slain by Spider
[08Jan2025 00:38:29.543] [Server thread/INFO] [net.minecraft.server.MinecraftServer/]: Tenso_2002 has reached the goal [Bone Crusher]
[08Jan2025 00:39:44.111] [Server thread/INFO] [com.github.sculkhorde.core.SculkHorde/]: Saving 0 events.
[08Jan2025 00:39:44.111] [Server thread/INFO] [com.github.sculkhorde.core.SculkHorde/]: Saved 0 events. Took 0 Milliseconds.
[08Jan2025 00:40:02.786] [Server thread/INFO] [net.minecraft.world.entity.LivingEntity/]: Named entity Skeleton['Dinnerbone'/69738, l='ServerLevel[world]', x=-1937.66, y=118.01, z=-882.79] died: Dinnerbone was shot by Dinnerbone
